<?xml version="1.0" encoding="UTF-8"?>
<testng-results ignored="0" total="1" passed="1" failed="0" skipped="0">
  <reporter-output>
    <line>
      <![CDATA[Browser open]]>
    </line>
    <line>
      <![CDATA[Enter URL]]>
    </line>
    <line>
      <![CDATA[Login Successfull]]>
    </line>
    <line>
      <![CDATA[Log Out Account]]>
    </line>
    <line>
      <![CDATA[Browser Close]]>
    </line>
  </reporter-output>
  <suite started-at="2024-04-07T14:47:43 IST" name="Suite" finished-at="2024-04-07T14:49:18 IST" duration-ms="95222">
    <groups>
    </groups>
    <test started-at="2024-04-07T14:47:43 IST" name="Test" finished-at="2024-04-07T14:49:18 IST" duration-ms="95222">
      <class name="com.smarten.testclass.Test1">
        <test-method is-config="true" signature="initialize(java.lang.String)[pri:0, instance:com.smarten.testclass.Test1@3e694b3f]" started-at="2024-04-07T14:47:43 IST" name="initialize" finished-at="2024-04-07T14:47:46 IST" duration-ms="3017" status="PASS">
          <params>
            <param index="0">
              <value>
                <![CDATA[chrome]]>
              </value>
            </param>
          </params>
          <reporter-output>
          </reporter-output>
        </test-method> <!-- initialize -->
        <test-method is-config="true" signature="login()[pri:0, instance:com.smarten.testclass.Test1@3e694b3f]" started-at="2024-04-07T14:47:46 IST" name="login" finished-at="2024-04-07T14:47:48 IST" duration-ms="2572" status="PASS">
          <reporter-output>
            <line>
              <![CDATA[Browser open]]>
            </line>
            <line>
              <![CDATA[Enter URL]]>
            </line>
            <line>
              <![CDATA[Login Successfull]]>
            </line>
          </reporter-output>
        </test-method> <!-- login -->
        <test-method signature="Task_allocation()[pri:1, instance:com.smarten.testclass.Test1@3e694b3f]" started-at="2024-04-07T14:47:48 IST" name="Task_allocation" finished-at="2024-04-07T14:49:09 IST" duration-ms="80218" status="PASS">
          <reporter-output>
          </reporter-output>
        </test-method> <!-- Task_allocation -->
        <test-method is-config="true" signature="logout(org.testng.ITestResult)[pri:0, instance:com.smarten.testclass.Test1@3e694b3f]" started-at="2024-04-07T14:49:09 IST" name="logout" finished-at="2024-04-07T14:49:17 IST" duration-ms="8575" status="PASS">
          <params>
            <param index="0">
              <value>
                <![CDATA[[TestResult name=Task_allocation status=SUCCESS method=Test1.Task_allocation()[pri:1, instance:com.smarten.testclass.Test1@3e694b3f] output={null}]]]>
              </value>
            </param>
          </params>
          <reporter-output>
            <line>
              <![CDATA[Log Out Account]]>
            </line>
          </reporter-output>
        </test-method> <!-- logout -->
        <test-method is-config="true" signature="CloseBrowser()[pri:0, instance:com.smarten.testclass.Test1@3e694b3f]" started-at="2024-04-07T14:49:17 IST" name="CloseBrowser" finished-at="2024-04-07T14:49:18 IST" duration-ms="616" status="PASS">
          <reporter-output>
            <line>
              <![CDATA[Browser Close]]>
            </line>
          </reporter-output>
        </test-method> <!-- CloseBrowser -->
      </class> <!-- com.smarten.testclass.Test1 -->
    </test> <!-- Test -->
  </suite> <!-- Suite -->
</testng-results>
